<?xml version="1.0" encoding="UTF-8"?>
<testsuite xmlns:xsi="http://www.w3.org/2001/XMLSchema-instance" xsi:noNamespaceSchemaLocation="https://maven.apache.org/surefire/maven-surefire-plugin/xsd/surefire-test-report.xsd" name="TestSuite" time="791.511" tests="3" errors="0" skipped="0" failures="1">
  <properties>
[...]
</properties>
  <testcase name="loginTest" classname="LoginTest" time="77.833"/>
  <testcase name="actionCameraTest" classname="ActionCameraTest" time="466.911"/>
  <testcase name="priceFilterTest" classname="FilterPriceTest" time="35.722">
    <failure message="stale element reference: element is not attached to the page document&#10;  (Session info: chrome=65.0.3325.181)&#10;  (Driver info: chromedriver=2.37.544315 (730aa6a5fdba159ac9f4c1e8cbc59bf1b5ce12b7),platform=Linux 4.15.14-300.fc27.x86_64 x86_64) (WARNING: The server did not provide any stacktrace information)&#10;Command duration or timeout: 17 milliseconds&#10;For documentation on this error, please visit: http://seleniumhq.org/exceptions/stale_element_reference.html&#10;Build info: version: &apos;2.17.0&apos;, revision: &apos;15546&apos;, time: &apos;2012-01-16 17:11:34&apos;&#10;System info: os.name: &apos;Linux&apos;, os.arch: &apos;amd64&apos;, os.version: &apos;4.15.14-300.fc27.x86_64&apos;, java.version: &apos;1.8.0_162&apos;&#10;Driver info: driver.version: RemoteWebDriver" type="org.openqa.selenium.StaleElementReferenceException">org.openqa.selenium.StaleElementReferenceException: 
stale element reference: element is not attached to the page document
  (Session info: chrome=65.0.3325.181)
  (Driver info: chromedriver=2.37.544315 (730aa6a5fdba159ac9f4c1e8cbc59bf1b5ce12b7),platform=Linux 4.15.14-300.fc27.x86_64 x86_64) (WARNING: The server did not provide any stacktrace information)
Command duration or timeout: 17 milliseconds
For documentation on this error, please visit: http://seleniumhq.org/exceptions/stale_element_reference.html
Build info: version: '2.17.0', revision: '15546', time: '2012-01-16 17:11:34'
System info: os.name: 'Linux', os.arch: 'amd64', os.version: '4.15.14-300.fc27.x86_64', java.version: '1.8.0_162'
Driver info: driver.version: RemoteWebDriver
	at FilterPriceTest.locateCategoryAndApplyFilters_aroundBody0(FilterPriceTest.java:31)
	at FilterPriceTest.locateCategoryAndApplyFilters(FilterPriceTest.java:20)
	at FilterPriceTest.priceFilterTest(FilterPriceTest.java:56)
</failure>
    <system-err><![CDATA[[main] INFO io.github.bonigarcia.wdm.WebDriverManager - Reading https://chromedriver.storage.googleapis.com/ to seek [chromedriver]
[main] INFO io.github.bonigarcia.wdm.WebDriverManager - Latest version of [chromedriver] is 2.37
[main] INFO io.github.bonigarcia.wdm.WebDriverManager - Exporting webdriver.chrome.driver as /home/naduxa/.m2/repository/webdriver/chromedriver/linux64/2.37/chromedriver
Starting ChromeDriver 2.37.544315 (730aa6a5fdba159ac9f4c1e8cbc59bf1b5ce12b7) on port 28004
Only local connections are allowed.
]]></system-err>
  </testcase>
</testsuite>