<?xml version="1.0" encoding="UTF-8"?>
<testng-results skipped="0" failed="1" total="3" passed="2">
  <reporter-output>
  </reporter-output>
  <suite name="E-katalogTeest" duration-ms="787773" started-at="2018-04-10T19:51:11Z" finished-at="2018-04-10T20:04:19Z">
    <groups>
    </groups>
    <test name="LogInLogOutTest" duration-ms="140726" started-at="2018-04-10T19:51:11Z" finished-at="2018-04-10T19:53:32Z">
      <class name="LoginTest">
        <test-method status="PASS" signature="setup()[pri:0, instance:LoginTest@44d70181]" name="setup" is-config="true" duration-ms="62167" started-at="2018-04-10T23:51:11Z" finished-at="2018-04-10T23:52:13Z">
          <reporter-output>
          </reporter-output>
        </test-method> <!-- setup -->
        <test-method status="PASS" signature="loginTest()[pri:0, instance:LoginTest@44d70181]" name="loginTest" duration-ms="77576" started-at="2018-04-10T23:52:13Z" finished-at="2018-04-10T23:53:31Z">
          <reporter-output>
          </reporter-output>
        </test-method> <!-- loginTest -->
        <test-method status="PASS" signature="tearDown()[pri:0, instance:LoginTest@44d70181]" name="tearDown" is-config="true" duration-ms="596" started-at="2018-04-10T23:53:31Z" finished-at="2018-04-10T23:53:32Z">
          <reporter-output>
          </reporter-output>
        </test-method> <!-- tearDown -->
      </class> <!-- LoginTest -->
    </test> <!-- LogInLogOutTest -->
    <test name="ActionCameraTest" duration-ms="575260" started-at="2018-04-10T19:53:32Z" finished-at="2018-04-10T20:03:07Z">
      <class name="ActionCameraTest">
        <test-method status="PASS" signature="setup()[pri:0, instance:ActionCameraTest@595f4da5]" name="setup" is-config="true" duration-ms="107770" started-at="2018-04-10T23:53:32Z" finished-at="2018-04-10T23:55:19Z">
          <reporter-output>
          </reporter-output>
        </test-method> <!-- setup -->
        <test-method status="PASS" signature="actionCameraTest()[pri:0, instance:ActionCameraTest@595f4da5]" name="actionCameraTest" duration-ms="466748" started-at="2018-04-10T23:55:19Z" finished-at="2018-04-11T00:03:06Z">
          <reporter-output>
          </reporter-output>
        </test-method> <!-- actionCameraTest -->
        <test-method status="PASS" signature="tearDown()[pri:0, instance:ActionCameraTest@595f4da5]" name="tearDown" is-config="true" duration-ms="575" started-at="2018-04-11T00:03:06Z" finished-at="2018-04-11T00:03:07Z">
          <reporter-output>
          </reporter-output>
        </test-method> <!-- tearDown -->
      </class> <!-- ActionCameraTest -->
    </test> <!-- ActionCameraTest -->
    <test name="FilterPriceTest" duration-ms="71757" started-at="2018-04-10T20:03:07Z" finished-at="2018-04-10T20:04:19Z">
      <class name="FilterPriceTest">
        <test-method status="PASS" signature="setup()[pri:0, instance:FilterPriceTest@2d691f3d]" name="setup" is-config="true" duration-ms="35464" started-at="2018-04-11T00:03:07Z" finished-at="2018-04-11T00:03:42Z">
          <reporter-output>
          </reporter-output>
        </test-method> <!-- setup -->
        <test-method status="FAIL" signature="priceFilterTest(int)[pri:0, instance:FilterPriceTest@2d691f3d]" name="priceFilterTest" duration-ms="35424" started-at="2018-04-11T00:03:42Z" finished-at="2018-04-11T00:04:18Z">
          <params>
            <param index="0">
              <value>
                <![CDATA[10000]]>
              </value>
            </param>
          </params>
          <exception class="org.openqa.selenium.StaleElementReferenceException">
            <message>
              <![CDATA[stale element reference: element is not attached to the page document
  (Session info: chrome=65.0.3325.181)
  (Driver info: chromedriver=2.37.544315 (730aa6a5fdba159ac9f4c1e8cbc59bf1b5ce12b7),platform=Linux 4.15.14-300.fc27.x86_64 x86_64) (WARNING: The server did not provide any stacktrace information)
Command duration or timeout: 17 milliseconds
For documentation on this error, please visit: http://seleniumhq.org/exceptions/stale_element_reference.html
Build info: version: '2.17.0', revision: '15546', time: '2012-01-16 17:11:34'
System info: os.name: 'Linux', os.arch: 'amd64', os.version: '4.15.14-300.fc27.x86_64', java.version: '1.8.0_162'
Driver info: driver.version: RemoteWebDriver]]>
            </message>
            <full-stacktrace>
              <![CDATA[org.openqa.selenium.StaleElementReferenceException: stale element reference: element is not attached to the page document
  (Session info: chrome=65.0.3325.181)
  (Driver info: chromedriver=2.37.544315 (730aa6a5fdba159ac9f4c1e8cbc59bf1b5ce12b7),platform=Linux 4.15.14-300.fc27.x86_64 x86_64) (WARNING: The server did not provide any stacktrace information)
Command duration or timeout: 17 milliseconds
For documentation on this error, please visit: http://seleniumhq.org/exceptions/stale_element_reference.html
Build info: version: '2.17.0', revision: '15546', time: '2012-01-16 17:11:34'
System info: os.name: 'Linux', os.arch: 'amd64', os.version: '4.15.14-300.fc27.x86_64', java.version: '1.8.0_162'
Driver info: driver.version: RemoteWebDriver
	at sun.reflect.NativeConstructorAccessorImpl.newInstance0(Native Method)
	at sun.reflect.NativeConstructorAccessorImpl.newInstance(NativeConstructorAccessorImpl.java:62)
	at sun.reflect.DelegatingConstructorAccessorImpl.newInstance(DelegatingConstructorAccessorImpl.java:45)
	at java.lang.reflect.Constructor.newInstance(Constructor.java:423)
	at org.openqa.selenium.remote.ErrorHandler.createThrowable(ErrorHandler.java:147)
	at org.openqa.selenium.remote.ErrorHandler.throwIfResponseFailed(ErrorHandler.java:113)
	at org.openqa.selenium.remote.RemoteWebDriver.execute(RemoteWebDriver.java:439)
	at org.openqa.selenium.remote.RemoteWebDriver.executeScript(RemoteWebDriver.java:353)
	at AbstractTest.scrollIntoView(AbstractTest.java:61)
	at AbstractTest.click(AbstractTest.java:68)
	at FilterPriceTest.locateCategoryAndApplyFilters_aroundBody0(FilterPriceTest.java:31)
	at FilterPriceTest$AjcClosure1.run(FilterPriceTest.java:1)
	at org.aspectj.runtime.reflect.JoinPointImpl.proceed(JoinPointImpl.java:149)
	at io.qameta.allure.aspects.StepsAspects.step(StepsAspects.java:51)
	at FilterPriceTest.locateCategoryAndApplyFilters(FilterPriceTest.java:20)
	at FilterPriceTest.priceFilterTest(FilterPriceTest.java:56)
	at sun.reflect.NativeMethodAccessorImpl.invoke0(Native Method)
	at sun.reflect.NativeMethodAccessorImpl.invoke(NativeMethodAccessorImpl.java:62)
	at sun.reflect.DelegatingMethodAccessorImpl.invoke(DelegatingMethodAccessorImpl.java:43)
	at java.lang.reflect.Method.invoke(Method.java:498)
	at org.testng.internal.MethodInvocationHelper.invokeMethod(MethodInvocationHelper.java:80)
	at org.testng.internal.Invoker.invokeMethod(Invoker.java:714)
	at org.testng.internal.Invoker.invokeTestMethod(Invoker.java:901)
	at org.testng.internal.Invoker.invokeTestMethods(Invoker.java:1231)
	at org.testng.internal.TestMethodWorker.invokeTestMethods(TestMethodWorker.java:127)
	at org.testng.internal.TestMethodWorker.run(TestMethodWorker.java:111)
	at org.testng.TestRunner.privateRun(TestRunner.java:767)
	at org.testng.TestRunner.run(TestRunner.java:617)
	at org.testng.SuiteRunner.runTest(SuiteRunner.java:334)
	at org.testng.SuiteRunner.runSequentially(SuiteRunner.java:329)
	at org.testng.SuiteRunner.privateRun(SuiteRunner.java:291)
	at org.testng.SuiteRunner.run(SuiteRunner.java:240)
	at org.testng.SuiteRunnerWorker.runSuite(SuiteRunnerWorker.java:52)
	at org.testng.SuiteRunnerWorker.run(SuiteRunnerWorker.java:86)
	at org.testng.TestNG.runSuitesSequentially(TestNG.java:1198)
	at org.testng.TestNG.runSuitesLocally(TestNG.java:1123)
	at org.testng.TestNG.run(TestNG.java:1031)
	at org.apache.maven.surefire.testng.TestNGExecutor.run(TestNGExecutor.java:283)
	at org.apache.maven.surefire.testng.TestNGXmlTestSuite.execute(TestNGXmlTestSuite.java:75)
	at org.apache.maven.surefire.testng.TestNGProvider.invoke(TestNGProvider.java:120)
	at org.apache.maven.surefire.booter.ForkedBooter.invokeProviderInSameClassLoader(ForkedBooter.java:386)
	at org.apache.maven.surefire.booter.ForkedBooter.runSuitesInProcess(ForkedBooter.java:323)
	at org.apache.maven.surefire.booter.ForkedBooter.main(ForkedBooter.java:143)
]]>
            </full-stacktrace>
          </exception> <!-- org.openqa.selenium.StaleElementReferenceException -->
          <reporter-output>
          </reporter-output>
        </test-method> <!-- priceFilterTest -->
        <test-method status="PASS" signature="tearDown()[pri:0, instance:FilterPriceTest@2d691f3d]" name="tearDown" is-config="true" duration-ms="567" started-at="2018-04-11T00:04:18Z" finished-at="2018-04-11T00:04:19Z">
          <reporter-output>
          </reporter-output>
        </test-method> <!-- tearDown -->
      </class> <!-- FilterPriceTest -->
    </test> <!-- FilterPriceTest -->
  </suite> <!-- E-katalogTeest -->
</testng-results>
